<?xml version="1.0" encoding="UTF-8"?>
<!-- Generated by org.testng.reporters.JUnitReportReporter -->
<testsuite hostname="Akshays-MacBook-Air.local" failures="0" tests="2" name="api.test.DDTest" time="3.023" errors="0" timestamp="2023-10-01T21:09:28 IST" skipped="0">
  <testcase classname="api.test.DDTest" name="testPostUser" time="1.498"/>
  <testcase classname="api.test.DDTest" name="testPostUser" time="1.525"/>
</testsuite> <!-- api.test.DDTest -->
