<?xml version="1.0" encoding="UTF-8"?>
<!-- Generated by org.testng.reporters.JUnitReportReporter -->
<testsuite hostname="Akshays-MacBook-Air.local" failures="0" tests="4" name="api.test.UserTest" time="9.843" errors="0" timestamp="2023-10-01T21:09:28 IST" skipped="0">
  <testcase classname="api.test.UserTest" name="TestPostUser" time="3.873"/>
  <testcase classname="api.test.UserTest" name="TestGetUser" time="1.461"/>
  <testcase classname="api.test.UserTest" name="TestUpdateUser" time="3.088"/>
  <testcase classname="api.test.UserTest" name="TestDeleteUser" time="1.421"/>
</testsuite> <!-- api.test.UserTest -->
