<?xml version="1.0" encoding="UTF-8"?>
<!-- Generated by org.testng.reporters.JUnitReportReporter -->
<testsuite hostname="Akshays-MacBook-Air.local" failures="0" tests="2" name="api.test.DDTest2usingProperties" time="5.287" errors="0" timestamp="2023-09-05T00:17:51 IST" skipped="0">
  <testcase classname="api.test.DDTest2usingProperties" name="testPostUser" time="3.771"/>
  <testcase classname="api.test.DDTest2usingProperties" name="testPostUser" time="1.516"/>
</testsuite> <!-- api.test.DDTest2usingProperties -->
