<?xml version="1.0" encoding="UTF-8"?>
<!-- Generated by org.testng.reporters.JUnitReportReporter -->
<testsuite hostname="Akshays-MacBook-Air.local" failures="0" tests="2" name="api.test.DDTest2usingProperties" time="6.228" errors="0" timestamp="2023-09-22T02:00:59 IST" skipped="0">
  <testcase classname="api.test.DDTest2usingProperties" name="testPostUser" time="4.693"/>
  <testcase classname="api.test.DDTest2usingProperties" name="testPostUser" time="1.535"/>
</testsuite> <!-- api.test.DDTest2usingProperties -->
