<?xml version="1.0" encoding="UTF-8"?>
<!-- Generated by org.testng.reporters.JUnitReportReporter -->
<testsuite hostname="Akshays-MacBook-Air.local" failures="0" tests="2" name="api.test.DDTest" time="5.343" errors="0" timestamp="2023-09-04T23:49:24 IST" skipped="0">
  <testcase classname="api.test.DDTest" name="testPostUser" time="3.792"/>
  <testcase classname="api.test.DDTest" name="testPostUser" time="1.551"/>
</testsuite> <!-- api.test.DDTest -->
