<?xml version="1.0" encoding="UTF-8"?>
<!-- Generated by org.testng.reporters.JUnitReportReporter -->
<testsuite hostname="Akshays-MacBook-Air.local" failures="0" tests="4" name="api.test.UserTest" time="10.065" errors="0" timestamp="2023-09-04T23:30:21 IST" skipped="0">
  <testcase classname="api.test.UserTest" name="TestPostUser" time="3.937"/>
  <testcase classname="api.test.UserTest" name="TestGetUser" time="1.546"/>
  <testcase classname="api.test.UserTest" name="TestUpdateUser" time="3.049"/>
  <testcase classname="api.test.UserTest" name="TestDeleteUser" time="1.533"/>
</testsuite> <!-- api.test.UserTest -->
