<?xml version="1.0" encoding="UTF-8"?>
<!-- Generated by org.testng.reporters.JUnitReportReporter -->
<testsuite hostname="Akshays-MacBook-Air.local" failures="0" tests="2" name="api.test.DDTest2usingProperties" time="3.710" errors="0" timestamp="2023-09-05T20:08:46 IST" skipped="0">
  <testcase classname="api.test.DDTest2usingProperties" name="testPostUser" time="2.406"/>
  <testcase classname="api.test.DDTest2usingProperties" name="testPostUser" time="1.304"/>
</testsuite> <!-- api.test.DDTest2usingProperties -->
