<?xml version="1.0" encoding="UTF-8"?>
<!-- Generated by org.testng.reporters.JUnitReportReporter -->
<testsuite hostname="Akshays-MacBook-Air.local" failures="0" tests="4" name="api.test.UserTest" time="10.775" errors="0" timestamp="2023-10-01T20:50:25 IST" skipped="0">
  <testcase classname="api.test.UserTest" name="TestPostUser" time="4.856"/>
  <testcase classname="api.test.UserTest" name="TestGetUser" time="1.493"/>
  <testcase classname="api.test.UserTest" name="TestUpdateUser" time="2.904"/>
  <testcase classname="api.test.UserTest" name="TestDeleteUser" time="1.522"/>
</testsuite> <!-- api.test.UserTest -->
